<?xml version="1.0" encoding="UTF-8"?>
<!-- Generated by org.testng.reporters.JUnitReportReporter -->
<testsuite hostname="LAPTOP-88417RTD" failures="0" tests="1" name="TestCases.LoginTestCase" time="5.394" errors="0" timestamp="2022-12-16T19:01:24 IST" skipped="0">
  <testcase classname="TestCases.LoginTestCase" name="login" time="5.394"/>
  <system-out/>
</testsuite> <!-- TestCases.LoginTestCase -->
