<?xml version="1.0" encoding="UTF-8"?>
<!-- Generated by org.testng.reporters.JUnitReportReporter -->
<testsuite hostname="LAPTOP-88417RTD" failures="0" tests="1" name="TestCases.test" time="5.438" errors="0" timestamp="2022-12-16T18:21:06 IST" skipped="0">
  <testcase classname="TestCases.test" name="method1" time="5.438"/>
  <system-out/>
</testsuite> <!-- TestCases.test -->
